<?xml version="1.0" encoding="UTF-8"?>
<!-- Generated by org.testng.reporters.JUnitReportReporter -->
<testsuite skipped="0" hostname="DESKTOP-00P6QBP" name="com.excel.Ex" tests="1" failures="0" timestamp="03 Jul 2022 12:21:52 GMT" time="0.878" errors="0">
  <testcase name="read" time="0.878" classname="com.excel.Ex"/>
</testsuite> <!-- com.excel.Ex -->
