<?xml version="1.0" encoding="UTF-8"?>
<!-- Generated by org.testng.reporters.JUnitReportReporter -->
<testsuite skipped="0" hostname="DESKTOP-00P6QBP" name="com.excel.ExcelRead" tests="1" failures="0" timestamp="03 Jul 2022 10:05:51 GMT" time="0.750" errors="0">
  <testcase name="testExcel" time="0.750" classname="com.excel.ExcelRead"/>
</testsuite> <!-- com.excel.ExcelRead -->
