<?xml version="1.0" encoding="UTF-8"?>
<!-- Generated by org.testng.reporters.JUnitReportReporter -->
<testsuite skipped="0" hostname="DESKTOP-00P6QBP" name="com.excel.RX1" tests="1" failures="0" timestamp="03 Jul 2022 12:19:36 GMT" time="0.848" errors="0">
  <testcase name="m1" time="0.848" classname="com.excel.RX1"/>
</testsuite> <!-- com.excel.RX1 -->
